<?xml version="1.0" encoding="UTF-8"?>
<!-- Generated by org.testng.reporters.JUnitXMLReporter -->
<testsuite hostname="Vivian" failures="0" tests="3" name="Internet Explorer Test" time="27.694" errors="0" timestamp="4 Sep 2022 08:58:53 GMT">
  <testcase classname="myPackage.myClass" name="@BeforeMethod URLLaunch" time="0.0">
    <failure type="org.openqa.selenium.TimeoutException" message="Unable to find the session info for particular sessionId url, maybe session has quit already or timed out. (WARNING: The server did not provide any stacktrace information)
Command duration or timeout: 1.78 seconds
Build info: version: &amp;apos;2.41.0&amp;apos;, revision: &amp;apos;3192d8a6c4449dc285928ba024779344f5423c58&amp;apos;, time: &amp;apos;2014-03-27 11:29:39&amp;apos;
System info: host: &amp;apos;Vivian&amp;apos;, ip: &amp;apos;192.168.0.103&amp;apos;, os.name: &amp;apos;Windows 11&amp;apos;, os.arch: &amp;apos;amd64&amp;apos;, os.version: &amp;apos;10.0&amp;apos;, java.version: &amp;apos;17.0.2&amp;apos;
Driver info: org.openqa.selenium.remote.RemoteWebDriver
Capabilities [{capabilities={proxy={}, webdriver.remote.sessionid=36afabf9-fd98-42c4-94ab-161c694f532f, acceptInsecureCerts=false, browserVersion=11, se:ieOptions={nativeEvents=true, browserAttachTimeout=0, ie.ensureCleanSession=false, elementScrollBehavior=0, enablePersistentHover=true, ie.browserCommandLineSwitches=, ie.forceCreateProcessApi=false, requireWindowFocus=false, initialBrowserUrl=http://localhost:21913/, ignoreZoomSetting=false, ie.fileUploadDialogTimeout=3000, ignoreProtectedModeSettings=false}, timeouts={implicit=0, pageLoad=300000, script=30000}, browserName=internet explorer, pageLoadStrategy=normal, unhandledPromptBehavior=dismiss and notify, strictFileInteractability=false, platformName=windows, setWindowRect=true}, sessionId=36afabf9-fd98-42c4-94ab-161c694f532f, platform=ANY}]
Session ID: null">
      <![CDATA[org.openqa.selenium.TimeoutException: Unable to find the session info for particular sessionId url, maybe session has quit already or timed out. (WARNING: The server did not provide any stacktrace information)
Command duration or timeout: 1.78 seconds
Build info: version: '2.41.0', revision: '3192d8a6c4449dc285928ba024779344f5423c58', time: '2014-03-27 11:29:39'
System info: host: 'Vivian', ip: '192.168.0.103', os.name: 'Windows 11', os.arch: 'amd64', os.version: '10.0', java.version: '17.0.2'
Driver info: org.openqa.selenium.remote.RemoteWebDriver
Capabilities [{capabilities={proxy={}, webdriver.remote.sessionid=36afabf9-fd98-42c4-94ab-161c694f532f, acceptInsecureCerts=false, browserVersion=11, se:ieOptions={nativeEvents=true, browserAttachTimeout=0, ie.ensureCleanSession=false, elementScrollBehavior=0, enablePersistentHover=true, ie.browserCommandLineSwitches=, ie.forceCreateProcessApi=false, requireWindowFocus=false, initialBrowserUrl=http://localhost:21913/, ignoreZoomSetting=false, ie.fileUploadDialogTimeout=3000, ignoreProtectedModeSettings=false}, timeouts={implicit=0, pageLoad=300000, script=30000}, browserName=internet explorer, pageLoadStrategy=normal, unhandledPromptBehavior=dismiss and notify, strictFileInteractability=false, platformName=windows, setWindowRect=true}, sessionId=36afabf9-fd98-42c4-94ab-161c694f532f, platform=ANY}]
Session ID: null
	at org.openqa.selenium.remote.ErrorHandler.createThrowable(ErrorHandler.java:193)
	at org.openqa.selenium.remote.ErrorHandler.throwIfResponseFailed(ErrorHandler.java:145)
	at org.openqa.selenium.remote.RemoteWebDriver.execute(RemoteWebDriver.java:595)
	at org.openqa.selenium.remote.RemoteWebDriver.get(RemoteWebDriver.java:300)
	at myPackage.myClass.URLLaunch(myClass.java:61)
	at java.base/java.util.concurrent.ThreadPoolExecutor.runWorker(ThreadPoolExecutor.java:1136)
	at java.base/java.util.concurrent.ThreadPoolExecutor$Worker.run(ThreadPoolExecutor.java:635)
	at java.base/java.lang.Thread.run(Thread.java:833)
... Removed 17 stack frames]]>
    </failure>
  </testcase> <!-- @BeforeMethod URLLaunch -->
  <testcase classname="myPackage.myClass" name="@AfterMethod tearDown" time="0.0">
    <skipped/>
  </testcase> <!-- @AfterMethod tearDown -->
  <testcase classname="myPackage.myClass" name="@BeforeMethod URLLaunch" time="0.0">
    <skipped/>
  </testcase> <!-- @BeforeMethod URLLaunch -->
  <testcase classname="myPackage.myClass" name="@AfterMethod tearDown" time="0.0">
    <skipped/>
  </testcase> <!-- @AfterMethod tearDown -->
  <testcase classname="myPackage.myClass" name="@BeforeMethod URLLaunch" time="0.0">
    <skipped/>
  </testcase> <!-- @BeforeMethod URLLaunch -->
  <testcase classname="myPackage.myClass" name="@AfterMethod tearDown" time="0.0">
    <skipped/>
  </testcase> <!-- @AfterMethod tearDown -->
  <testcase classname="myPackage.myClass" name="Scenerio1" time="0.0">
    <skipped/>
  </testcase> <!-- Scenerio1 -->
  <testcase classname="myPackage.myClass" name="Scenerio2" time="0.0">
    <skipped/>
  </testcase> <!-- Scenerio2 -->
  <testcase classname="myPackage.myClass" name="Scenerio3" time="0.0">
    <skipped/>
  </testcase> <!-- Scenerio3 -->
</testsuite> <!-- Internet Explorer Test -->
