<?xml version="1.0" encoding="UTF-8"?>
<!-- Generated by org.testng.reporters.JUnitXMLReporter -->
<testsuite hostname="Vivian" failures="0" tests="3" name="MicrosoftEdge Test" time="30.372" errors="0" timestamp="4 Sep 2022 08:56:39 GMT">
  <testcase classname="myPackage.myClass" name="Scenerio1" time="2.379"/>
  <testcase classname="myPackage.myClass" name="Scenerio2" time="4.86"/>
  <testcase classname="myPackage.myClass" name="Scenerio3" time="6.489"/>
</testsuite> <!-- MicrosoftEdge Test -->
